<?xml version="1.0" encoding="UTF-8"?>
<!-- Generated by org.testng.reporters.JUnitXMLReporter -->
<testsuite hostname="DELL-PC" name="Login" tests="2" failures="1" timestamp="2 Dec 2014 10:09:46 GMT" time="0.042" errors="0">
  <testcase name="test2" time="0.017" classname="testcaseListeners.CustomerForm">
    <failure type="java.lang.AssertionError" message="expected [B] but found [A]">
      <![CDATA[java.lang.AssertionError: expected [B] but found [A]
	at testcaseListeners.CustomerForm.test2(CustomerForm.java:15)
... Removed 29 stack frames]]>
    </failure>
  </testcase> <!-- test2 -->
  <testcase name="test1" time="0.0010" classname="testcaseListeners.CustomerForm"/>
</testsuite> <!-- Login -->
