<?xml version="1.0" encoding="UTF-8"?>
<testsuite hostname="DELL-PC" name="annot.Test1" tests="6" failures="0" timestamp="1 Dec 2014 11:40:59 GMT" time="0.01" errors="0">
  <testcase name="testcase1" time="0.0" classname="annot.Test1"/>
  <testcase name="testcase2" time="0.0" classname="annot.Test1">
    <skipped/>
  </testcase>
  <testcase name="testcase3" time="0.0" classname="annot.Test1"/>
  <testcase name="testcase" time="0.0" classname="annot.parameterization"/>
  <testcase name="testcase" time="0.0" classname="annot.parameterization"/>
  <testcase name="testcase" time="0.0" classname="annot.parameterization"/>
</testsuite>
